2020-09-08 15:57:42,446 ERROR [errorlog] java.lang.ClassCastException: class org.apache.xerces.parsers.XIncludeAwareParserConfiguration cannot be cast to class org.apache.xerces.xni.parser.XMLParserConfiguration (org.apache.xerces.parsers.XIncludeAwareParserConfiguration is in unnamed module of loader com.intellij.ide.plugins.cl.PluginClassLoader @476f04a2; org.apache.xerces.xni.parser.XMLParserConfiguration is in unnamed module of loader com.intellij.util.lang.UrlClassLoader @402f32ff)
java.lang.ClassCastException: class org.apache.xerces.parsers.XIncludeAwareParserConfiguration cannot be cast to class org.apache.xerces.xni.parser.XMLParserConfiguration (org.apache.xerces.parsers.XIncludeAwareParserConfiguration is in unnamed module of loader com.intellij.ide.plugins.cl.PluginClassLoader @476f04a2; org.apache.xerces.xni.parser.XMLParserConfiguration is in unnamed module of loader com.intellij.util.lang.UrlClassLoader @402f32ff)
	at org.apache.xerces.parsers.SAXParser.<init>(Unknown Source)
	at org.apache.xerces.parsers.SAXParser.<init>(Unknown Source)
	at org.apache.xerces.jaxp.SAXParserImpl$JAXPSAXParser.<init>(Unknown Source)
	at org.apache.xerces.jaxp.SAXParserImpl.<init>(Unknown Source)
	at org.apache.xerces.jaxp.SAXParserFactoryImpl.newSAXParser(Unknown Source)
	at com.intellij.ui.svg.SaxDocumentFactory.createDocument(SaxSvgDocumentFactory.kt:334)
	at com.intellij.ui.svg.SaxDocumentFactory.createDocument(SaxSvgDocumentFactory.kt:290)
	at com.intellij.ui.svg.SaxSvgDocumentFactory.createDocument(SaxSvgDocumentFactory.kt:73)
	at com.intellij.util.SVGLoader.createTranscodeInput(SVGLoader.java:224)
	at com.intellij.util.SVGLoader.loadWithoutCache(SVGLoader.java:123)
	at com.intellij.util.SVGLoader.load(SVGLoader.java:113)
	at com.intellij.ui.icons.ImageDescriptor.loadImpl(ImageDescriptor.java:162)
	at com.intellij.ui.icons.ImageDescriptor.loadFromStream(ImageDescriptor.java:138)
	at com.intellij.ui.icons.ImageDescriptor.load(ImageDescriptor.java:127)
	at com.intellij.util.ImageLoader$ImageDescriptorList.load(ImageLoader.java:169)
	at com.intellij.util.ImageLoader.loadFromUrl(ImageLoader.java:329)
	at com.intellij.util.ImageLoader.loadFromUrl(ImageLoader.java:318)
	at com.intellij.openapi.util.IconLoader$CachedImageIcon.loadFromUrlImpl(IconLoader.java:771)
	at com.intellij.openapi.util.IconLoader$CachedImageIcon.loadFromUrl(IconLoader.java:745)
	at com.intellij.openapi.util.IconLoader$CachedImageIcon.access$900(IconLoader.java:571)
	at com.intellij.openapi.util.IconLoader$CachedImageIcon$MyScaledIconsCache.getOrScaleIcon(IconLoader.java:804)
	at com.intellij.openapi.util.IconLoader$CachedImageIcon.getRealIcon(IconLoader.java:649)
	at com.intellij.ui.icons.LazyImageIcon.getRealIcon(LazyImageIcon.java:76)
	at com.intellij.ui.icons.LazyImageIcon.getIconWidth(LazyImageIcon.java:60)
	at com.intellij.ui.tree.ui.DefaultControl.getWidth(DefaultControl.java:28)
	at com.mallowigi.idea.ui.MTRowPainter.getRendererOffset(MTRowPainter.java:54)
	at com.intellij.ui.tree.ui.DefaultTreeUI$1.getNodeDimensions(DefaultTreeUI.java:357)
	at java.desktop/javax.swing.tree.AbstractLayoutCache.getNodeDimensions(AbstractLayoutCache.java:493)
	at java.desktop/javax.swing.tree.VariableHeightLayoutCache$TreeStateNode.updatePreferredSize(VariableHeightLayoutCache.java:1344)
	at java.desktop/javax.swing.tree.VariableHeightLayoutCache.rebuild(VariableHeightLayoutCache.java:723)
	at java.desktop/javax.swing.tree.VariableHeightLayoutCache.setModel(VariableHeightLayoutCache.java:111)
	at java.desktop/javax.swing.plaf.basic.BasicTreeUI.setModel(BasicTreeUI.java:495)
	at com.intellij.ui.tree.ui.DefaultTreeUI.setModel(DefaultTreeUI.java:320)
	at java.desktop/javax.swing.plaf.basic.BasicTreeUI$Handler.propertyChange(BasicTreeUI.java:3820)
	at com.intellij.ui.tree.ui.DefaultTreeUI$3.propertyChange(DefaultTreeUI.java:422)
	at java.desktop/java.beans.PropertyChangeSupport.fire(PropertyChangeSupport.java:341)
	at java.desktop/java.beans.PropertyChangeSupport.firePropertyChange(PropertyChangeSupport.java:333)
	at java.desktop/java.beans.PropertyChangeSupport.firePropertyChange(PropertyChangeSupport.java:266)
	at java.desktop/java.awt.Component.firePropertyChange(Component.java:8753)
	at java.desktop/javax.swing.JTree.setModel(JTree.java:893)
	at java.desktop/javax.swing.JTree.<init>(JTree.java:679)
	at com.eviware.soapui.ui.Navigator$NavigatorTree.<init>(Navigator.java:123)
	at com.eviware.soapui.ui.Navigator.buildUI(Navigator.java:87)
	at com.eviware.soapui.ui.Navigator.<init>(Navigator.java:80)
	at com.eviware.soapui.intellij.plugin.SoapUIPlugin.initComponent(SoapUIPlugin.java:164)
	at com.intellij.serviceContainer.MyComponentAdapter.doCreateInstance(MyComponentAdapter.kt:44)
	at com.intellij.serviceContainer.BaseComponentAdapter.getInstanceUncached(BaseComponentAdapter.kt:115)
	at com.intellij.serviceContainer.BaseComponentAdapter.getInstance(BaseComponentAdapter.kt:69)
	at com.intellij.serviceContainer.BaseComponentAdapter.getInstance$default(BaseComponentAdapter.kt:62)
	at com.intellij.serviceContainer.ComponentManagerImpl.createComponents(ComponentManagerImpl.kt:261)
	at com.intellij.openapi.project.impl.ProjectImpl.init(ProjectImpl.java:269)
	at com.intellij.openapi.project.impl.ProjectManagerImpl.initProject(ProjectManagerImpl.java:321)
	at com.intellij.platform.PlatformProjectOpenProcessorKt.convertAndLoadProject(PlatformProjectOpenProcessor.kt:404)
	at com.intellij.platform.PlatformProjectOpenProcessorKt.prepareProject(PlatformProjectOpenProcessor.kt:299)
	at com.intellij.platform.PlatformProjectOpenProcessorKt.access$prepareProject(PlatformProjectOpenProcessor.kt:1)
	at com.intellij.platform.PlatformProjectOpenProcessor$Companion$openExistingProject$$inlined$runInAutoSaveDisabledMode$lambda$1.invoke(PlatformProjectOpenProcessor.kt:186)
	at com.intellij.platform.PlatformProjectOpenProcessor$Companion$openExistingProject$$inlined$runInAutoSaveDisabledMode$lambda$1.invoke(PlatformProjectOpenProcessor.kt:57)
	at com.intellij.platform.ProjectUiFrameAllocator$run$1$progressTask$1.run(ProjectFrameAllocator.kt:85)
	at com.intellij.openapi.progress.impl.CoreProgressManager$TaskRunnable.run(CoreProgressManager.java:932)
	at com.intellij.openapi.progress.impl.CoreProgressManager$4.run(CoreProgressManager.java:482)
	at com.intellij.openapi.progress.impl.ProgressRunner.lambda$new$0(ProgressRunner.java:77)
	at com.intellij.openapi.progress.impl.ProgressRunner.lambda$null$3(ProgressRunner.java:233)
	at com.intellij.openapi.progress.impl.CoreProgressManager.lambda$runProcess$2(CoreProgressManager.java:166)
	at com.intellij.openapi.progress.impl.CoreProgressManager.registerIndicatorAndRun(CoreProgressManager.java:627)
	at com.intellij.openapi.progress.impl.CoreProgressManager.executeProcessUnderProgress(CoreProgressManager.java:572)
	at com.intellij.openapi.progress.impl.ProgressManagerImpl.executeProcessUnderProgress(ProgressManagerImpl.java:61)
	at com.intellij.openapi.progress.impl.CoreProgressManager.runProcess(CoreProgressManager.java:153)
	at com.intellij.openapi.progress.impl.ProgressRunner.lambda$submit$4(ProgressRunner.java:233)
	at java.base/java.util.concurrent.CompletableFuture$AsyncSupply.run(CompletableFuture.java:1700)
	at java.base/java.util.concurrent.ThreadPoolExecutor.runWorker(ThreadPoolExecutor.java:1128)
	at java.base/java.util.concurrent.ThreadPoolExecutor$Worker.run(ThreadPoolExecutor.java:628)
	at java.base/java.lang.Thread.run(Thread.java:834)
